<?xml version="1.0" encoding="UTF-8"?>
<!-- Generated by org.testng.reporters.JUnitXMLReporter -->
<testsuite hostname="QSIH-00514" name="Regression 1" tests="3" failures="0" timestamp="8 Jul 2017 11:02:53 GMT" time="22.777" errors="0">
  <testcase name="ValidLogin" time="1.817" classname="com.nk.tests.Hrms_Login"/>
  <testcase name="CheckLeaveBalance" time="3.944" classname="com.nk.tests.Hrms_Leaves"/>
  <testcase name="consolidatedattendancetest" time="2.228" classname="com.nk.tests.Hrms_Attendance"/>
</testsuite> <!-- Regression 1 -->
